
xv6 kernel is booting

hart 1 starting
hart 2 starting
init: starting sh
$ usertests
usertests starting
test manywrites: OK
test execout: OK
test copyin: OK
test copyout: OK
test copyinstr1: OK
test copyinstr2: OK
test copyinstr3: OK
test rwsbrk: OK
test truncate1: OK
test truncate2: OK
test truncate3: OK
test reparent2: OK
test pgbug: OK
test sbrkbugs: usertrap(): unexpected scause 0x000000000000000c pid=3240
            sepc=0x00000000000056a4 stval=0x00000000000056a4
usertrap(): unexpected scause 0x000000000000000c pid=3241
            sepc=0x00000000000056a4 stval=0x00000000000056a4
OK
test badarg: OK
test reparent: OK
test twochildren: OK
test forkfork: OK
test forkforkfork: OK
test argptest: OK
test createdelete: OK
test linkunlink: OK
test linktest: OK
test unlinkread: OK
test concreate: OK
test subdir: OK
test fourfiles: OK
test sharedfd: OK
test dirtest: OK
test exectest: OK
test bigargtest: OK
test bigwrite: OK
test bsstest: OK
test sbrkbasic: OK
test sbrkmuch: OK
test kernmem: page fault
page fault
page fault
page fault
page fault
page fault
page fault
page fault
page fault
page fault
page fault
page fault
page fault
page fault
page fault
page fault
page fault
page fault
page fault
page fault
page fault
page fault
page fault
page fault
page fault
page fault
page fault
page fault
page fault
page fault
page fault
page fault
page fault
page fault
page fault
page fault
page fault
page fault
page fault
page fault
OK
test sbrkfail: page fault
OK
test sbrkarg: OK
test validatetest: OK
test stacktest: page fault
OK
test opentest: OK
test writetest: OK
test writebig: OK
test createtest: OK
test openiput: OK
test exitiput: OK
test iput: OK
test mem: OK
test pipe1: OK
test preempt: kill... wait... OK
test exitwait: OK
test rmdot: OK
test fourteen: OK
test bigfile: OK
test dirfile: OK
test iref: OK
test forktest: OK
test bigdir: OK
ALL TESTS PASSED
$ qemu-system-riscv64: terminating on signal 15 from pid 14206 (make)
