
xv6 kernel is booting

hart 1 starting
hart 2 starting
init: starting sh
$ usertests
usertests starting
test execout: OK
test copyin: unlink: copyin1unlink: copyin1OK
test copyout: OK
test copyinstr1: OK
test copyinstr2: OK
test copyinstr3: OK
test rwsbrk: unlink: rwsbrkOK
test truncate1: unlink: truncfileunlink: truncfileOK
test truncate2: unlink: truncfileunlink: truncfileOK
test truncate3: unlink: truncfileOK
test reparent2: OK
test pgbug: OK
test sbrkbugs: usertrap(): unexpected scause 0x000000000000000c pid=3235
            sepc=0x0000000000005580 stval=0x0000000000005580
usertrap(): unexpected scause 0x000000000000000c pid=3236
            sepc=0x0000000000005580 stval=0x0000000000005580
OK
test badarg: OK
test reparent: OK
test twochildren: OK
test forkfork: OK
test forkforkfork: unlink: stopforkingOK
test argptest: OK
test createdelete: unlink: q1unlink: r1unlink: p1unlink: q2unlink: r2unlink: s1unlink: r3unlink: s2unlink: p2unlink: s3unlink: p3unlink: s4unlink: p4unlink: s5unlink: p5unlink: q3unlink: s6unlink: q4unlink: p6unlink: q5unlink: p7unlink: q6unlink: r4unlink: q7unlink: p8unlink: q8unlink: p9unlink: q9unlink: r5unlink: s7unlink: r6unlink: s8unlink: r7unlink: s9unlink: r8unlink: r9unlink: p0unlink: p0unlink: p0unlink: p0unlink: q1unlink: q1unlink: q1unlink: q1unlink: r2unlink: r2unlink: r2unlink: r2unlink: s3unlink: s3unlink: s3unlink: s3unlink: t4unlink: t4unlink: t4unlink: t4unlink: u5unlink: u5unlink: u5unlink: u5unlink: v6unlink: v6unlink: v6unlink: v6unlink: w7unlink: w7unlink: w7unlink: w7unlink: x8unlink: x8unlink: x8unlink: x8unlink: y9unlink: y9unlink: y9unlink: y9unlink: z:unlink: z:unlink: z:unlink: z:unlink: {;unlink: {;unlink: {;unlink: {;unlink: |<unlink: |<unlink: |<unlink: |<unlink: }=unlink: }=unlink: }=unlink: }=unlink: ~>unlink: ~>unlink: ~>unlink: ~>unlink: ?unlink: ?unlink: ?unlink: ?unlink: €@unlink: €@unlink: €@unlink: €@unlink: Aunlink: Aunlink: Aunlink: Aunlink: ‚Bunlink: ‚Bunlink: ‚Bunlink: ‚Bunlink: ƒCunlink: ƒCunlink: ƒCunlink: ƒCOK
test linkunlink: unlink: xunlink: xunlink: xunlink: xunlink: xunlink: xunlink: xunlink: xunlink: xunlink: xunlink: xunlink: xunlink: xunlink: xunlink: xunlink: xunlink: xunlink: xunlink: xunlink: xunlink: xunlink: xunlink: xunlink: xunlink: xunlink: xunlink: xunlink: xunlink: xunlink: xunlink: xunlink: xunlink: xunlink: xunlink: xunlink: xunlink: xunlink: xunlink: xunlink: xunlink: xunlink: xunlink: xunlink: xunlink: xunlink: xunlink: xunlink: xunlink: xunlink: xunlink: xunlink: xunlink: xunlink: xunlink: xunlink: xunlink: xunlink: xunlink: xunlink: xunlink: xunlink: xunlink: xunlink: xunlink: xunlink: xunlink: xOK
test linktest: unlink: lf1unlink: lf2unlink: lf1unlink: lf2OK
test unlinkread: unlink: unlinkreadunlink: unlinkreadOK
test concreate: unlink: C0unlink: C1unlink: C2unlink: C3unlink: C4unlink: C5unlink: C6unlink: C7unlink: C8unlink: C9unlink: C:unlink: C;unlink: C<unlink: C=unlink: C>unlink: C?unlink: C@unlink: CAunlink: CBunlink: CCunlink: CDunlink: CEunlink: CFunlink: CGunlink: CHunlink: CIunlink: CJunlink: CKunlink: CLunlink: CMunlink: CNunlink: COunlink: CPunlink: CQunlink: CRunlink: CSunlink: CTunlink: CUunlink: CVunlink: CWunlink: C0unlink: C0unlink: C0unlink: C0unlink: C0unlink: C0unlink: C1unlink: C1unlink: C1unlink: C1unlink: C1unlink: C1unlink: C2unlink: C2unlink: C2unlink: C2unlink: C2unlink: C2unlink: C2unlink: C2unlink: C2unlink: C2unlink: C2unlink: C2unlink: C3unlink: C3unlink: C3unlink: C3unlink: C3unlink: C3unlink: C4unlink: C4unlink: C4unlink: C4unlink: C4unlink: C4unlink: C5unlink: C5unlink: C5unlink: C5unlink: C5unlink: C5unlink: C5unlink: C5unlink: C5unlink: C5unlink: C5unlink: C5unlink: C6unlink: C6unlink: C6unlink: C6unlink: C6unlink: C6unlink: C7unlink: C7unlink: C7unlink: C7unlink: C7unlink: C7unlink: C8unlink: C8unlink: C8unlink: C8unlink: C8unlink: C8unlink: C8unlink: C8unlink: C8unlink: C8unlink: C8unlink: C8unlink: C9unlink: C9unlink: C9unlink: C9unlink: C9unlink: C9unlink: C:unlink: C:unlink: C:unlink: C:unlink: C:unlink: C:unlink: C;unlink: C;unlink: C;unlink: C;unlink: C;unlink: C;unlink: C;unlink: C;unlink: C;unlink: C;unlink: C;unlink: C;unlink: C<unlink: C<unlink: C<unlink: C<unlink: C<unlink: C<unlink: C=unlink: C=unlink: C=unlink: C=unlink: C=unlink: C=unlink: C>unlink: C>unlink: C>unlink: C>unlink: C>unlink: C>unlink: C>unlink: C>unlink: C>unlink: C>unlink: C>unlink: C>unlink: C?unlink: C?unlink: C?unlink: C?unlink: C?unlink: C?unlink: C@unlink: C@unlink: C@unlink: C@unlink: C@unlink: C@unlink: CAunlink: CAunlink: CAunlink: CAunlink: CAunlink: CAunlink: CAunlink: CAunlink: CAunlink: CAunlink: CAunlink: CAunlink: CBunlink: CBunlink: CBunlink: CBunlink: CBunlink: CBunlink: CCunlink: CCunlink: CCunlink: CCunlink: CCunlink: CCunlink: CDunlink: CDunlink: CDunlink: CDunlink: CDunlink: CDunlink: CDunlink: CDunlink: CDunlink: CDunlink: CDunlink: CDunlink: CEunlink: CEunlink: CEunlink: CEunlink: CEunlink: CEunlink: CFunlink: CFunlink: CFunlink: CFunlink: CFunlink: CFunlink: CGunlink: CGunlink: CGunlink: CGunlink: CGunlink: CGunlink: CGunlink: CGunlink: CGunlink: CGunlink: CGunlink: CGunlink: CHunlink: CHunlink: CHunlink: CHunlink: CHunlink: CHunlink: CIunlink: CIunlink: CIunlink: CIunlink: CIunlink: CIunlink: CJunlink: CJunlink: CJunlink: CJunlink: CJunlink: CJunlink: CJunlink: CJunlink: CJunlink: CJunlink: CJunlink: CJunlink: CKunlink: CKunlink: CKunlink: CKunlink: CKunlink: CKunlink: CLunlink: CLunlink: CLunlink: CLunlink: CLunlink: CLunlink: CMunlink: CMunlink: CMunlink: CMunlink: CMunlink: CMunlink: CMunlink: CMunlink: CMunlink: CMunlink: CMunlink: CMunlink: CNunlink: CNunlink: CNunlink: CNunlink: CNunlink: CNunlink: COunlink: COunlink: COunlink: COunlink: COunlink: COunlink: CPunlink: CPunlink: CPunlink: CPunlink: CPunlink: CPunlink: CPunlink: CPunlink: CPunlink: CPunlink: CPunlink: CPunlink: CQunlink: CQunlink: CQunlink: CQunlink: CQunlink: CQunlink: CRunlink: CRunlink: CRunlink: CRunlink: CRunlink: CRunlink: CSunlink: CSunlink: CSunlink: CSunlink: CSunlink: CSunlink: CSunlink: CSunlink: CSunlink: CSunlink: CSunlink: CSunlink: CTunlink: CTunlink: CTunlink: CTunlink: CTunlink: CTunlink: CUunlink: CUunlink: CUunlink: CUunlink: CUunlink: CUunlink: CVunlink: CVunlink: CVunlink: CVunlink: CVunlink: CVunlink: CVunlink: CVunlink: CVunlink: CVunlink: CVunlink: CVunlink: CWunlink: CWunlink: CWunlink: CWunlink: CWunlink: CWOK
test subdir: unlink: ffunlink: ddunlink: dd/dd/ffunlink: dd/xx/ffunlink: dd/ff/ffunlink: dd/dd/ffffunlink: dd/ffunlink: ddunlink: dd/ddunlink: ddOK
test fourfiles: unlink: f0unlink: f1unlink: f2unlink: f3unlink: f0unlink: f1unlink: f2unlink: f3OK
test sharedfd: unlink: sharedfdunlink: sharedfdOK
test exectest: unlink: echo-okunlink: echo-okOK
test bigargtest: unlink: bigarg-okOK
test bigwrite: unlink: bigwriteunlink: bigwriteunlink: bigwriteunlink: bigwriteunlink: bigwriteunlink: bigwriteunlink: bigwriteunlink: bigwriteunlink: bigwriteunlink: bigwriteunlink: bigwriteunlink: bigwriteunlink: bigwriteunlink: bigwriteunlink: bigwriteunlink: bigwriteunlink: bigwriteunlink: bigwriteunlink: bigwriteunlink: bigwriteunlink: bigwriteunlink: bigwriteunlink: bigwriteunlink: bigwriteunlink: bigwriteunlink: bigwriteunlink: bigwriteOK
test bsstest: OK
test sbrkbasic: OK
test sbrkmuch: OK
test kernmem: OK
test sbrkfail: OK
test sbrkarg: unlink: sbrkOK
test validatetest: OK
test stacktest: OK
test opentest: OK
test writetest: unlink: smallOK
test writebig: unlink: bigOK
test createtest: unlink: a0unlink: a1unlink: a2unlink: a3unlink: a4unlink: a5unlink: a6unlink: a7unlink: a8unlink: a9unlink: a:unlink: a;unlink: a<unlink: a=unlink: a>unlink: a?unlink: a@unlink: aAunlink: aBunlink: aCunlink: aDunlink: aEunlink: aFunlink: aGunlink: aHunlink: aIunlink: aJunlink: aKunlink: aLunlink: aMunlink: aNunlink: aOunlink: aPunlink: aQunlink: aRunlink: aSunlink: aTunlink: aUunlink: aVunlink: aWunlink: aXunlink: aYunlink: aZunlink: a[unlink: a\unlink: a]unlink: a^unlink: a_unlink: a`unlink: aaunlink: abunlink: acOK
test openiput: unlink: oidirOK
test exitiput: unlink: ../iputdirOK
test iput: unlink: ../iputdirOK
test mem: OK
test pipe1: OK
test preempt: kill... wait... OK
test exitwait: OK
test rmdot: unlink: .unlink: ..unlink: dots/.unlink: dots/..unlink: dotsOK
test fourteen: unlink: 123456789012345/12345678901234unlink: 12345678901234/12345678901234unlink: 12345678901234/12345678901234/12345678901234unlink: 123456789012345/123456789012345/123456789012345unlink: 12345678901234/123456789012345unlink: 12345678901234OK
test bigfile: unlink: bigfile.datunlink: bigfile.datOK
test dirfile: unlink: dirfile/xxunlink: dirfileOK
test iref: unlink: xxunlink: xxunlink: xxunlink: xxunlink: xxunlink: xxunlink: xxunlink: xxunlink: xxunlink: xxunlink: xxunlink: xxunlink: xxunlink: xxunlink: xxunlink: xxunlink: xxunlink: xxunlink: xxunlink: xxunlink: xxunlink: xxunlink: xxunlink: xxunlink: xxunlink: xxunlink: xxunlink: xxunlink: xxunlink: xxunlink: xxunlink: xxunlink: xxunlink: xxunlink: xxunlink: xxunlink: xxunlink: xxunlink: xxunlink: xxunlink: xxunlink: xxunlink: xxunlink: xxunlink: xxunlink: xxunlink: xxunlink: xxunlink: xxunlink: xxunlink: xxunlink: irefdunlink: irefdunlink: irefdunlink: irefdunlink: irefdunlink: irefdunlink: irefdunlink: irefdunlink: irefdunlink: irefdunlink: irefdunlink: irefdunlink: irefdunlink: irefdunlink: irefdunlink: irefdunlink: irefdunlink: irefdunlink: irefdunlink: irefdunlink: irefdunlink: irefdunlink: irefdunlink: irefdunlink: irefdunlink: irefdunlink: irefdunlink: irefdunlink: irefdunlink: irefdunlink: irefdunlink: irefdunlink: irefdunlink: irefdunlink: irefdunlink: irefdunlink: irefdunlink: irefdunlink: irefdunlink: irefdunlink: irefdunlink: irefdunlink: irefdunlink: irefdunlink: irefdunlink: irefdunlink: irefdunlink: irefdunlink: irefdunlink: irefdunlink: irefdOK
test forktest: OK
test bigdir: unlink: bdunlink: bdunlink: x00unlink: x01unlink: x02unlink: x03unlink: x04unlink: x05unlink: x06unlink: x07unlink: x08unlink: x09unlink: x0:unlink: x0;unlink: x0<unlink: x0=unlink: x0>unlink: x0?unlink: x0@unlink: x0Aunlink: x0Bunlink: x0Cunlink: x0Dunlink: x0Eunlink: x0Funlink: x0Gunlink: x0Hunlink: x0Iunlink: x0Junlink: x0Kunlink: x0Lunlink: x0Munlink: x0Nunlink: x0Ounlink: x0Punlink: x0Qunlink: x0Runlink: x0Sunlink: x0Tunlink: x0Uunlink: x0Vunlink: x0Wunlink: x0Xunlink: x0Yunlink: x0Zunlink: x0[unlink: x0\unlink: x0]unlink: x0^unlink: x0_unlink: x0`unlink: x0aunlink: x0bunlink: x0cunlink: x0dunlink: x0eunlink: x0funlink: x0gunlink: x0hunlink: x0iunlink: x0junlink: x0kunlink: x0lunlink: x0munlink: x0nunlink: x0ounlink: x10unlink: x11unlink: x12unlink: x13unlink: x14unlink: x15unlink: x16unlink: x17unlink: x18unlink: x19unlink: x1:unlink: x1;unlink: x1<unlink: x1=unlink: x1>unlink: x1?unlink: x1@unlink: x1Aunlink: x1Bunlink: x1Cunlink: x1Dunlink: x1Eunlink: x1Funlink: x1Gunlink: x1Hunlink: x1Iunlink: x1Junlink: x1Kunlink: x1Lunlink: x1Munlink: x1Nunlink: x1Ounlink: x1Punlink: x1Qunlink: x1Runlink: x1Sunlink: x1Tunlink: x1Uunlink: x1Vunlink: x1Wunlink: x1Xunlink: x1Yunlink: x1Zunlink: x1[unlink: x1\unlink: x1]unlink: x1^unlink: x1_unlink: x1`unlink: x1aunlink: x1bunlink: x1cunlink: x1dunlink: x1eunlink: x1funlink: x1gunlink: x1hunlink: x1iunlink: x1junlink: x1kunlink: x1lunlink: x1munlink: x1nunlink: x1ounlink: x20unlink: x21unlink: x22unlink: x23unlink: x24unlink: x25unlink: x26unlink: x27unlink: x28unlink: x29unlink: x2:unlink: x2;unlink: x2<unlink: x2=unlink: x2>unlink: x2?unlink: x2@unlink: x2Aunlink: x2Bunlink: x2Cunlink: x2Dunlink: x2Eunlink: x2Funlink: x2Gunlink: x2Hunlink: x2Iunlink: x2Junlink: x2Kunlink: x2Lunlink: x2Munlink: x2Nunlink: x2Ounlink: x2Punlink: x2Qunlink: x2Runlink: x2Sunlink: x2Tunlink: x2Uunlink: x2Vunlink: x2Wunlink: x2Xunlink: x2Yunlink: x2Zunlink: x2[unlink: x2\unlink: x2]unlink: x2^unlink: x2_unlink: x2`unlink: x2aunlink: x2bunlink: x2cunlink: x2dunlink: x2eunlink: x2funlink: x2gunlink: x2hunlink: x2iunlink: x2junlink: x2kunlink: x2lunlink: x2munlink: x2nunlink: x2ounlink: x30unlink: x31unlink: x32unlink: x33unlink: x34unlink: x35unlink: x36unlink: x37unlink: x38unlink: x39unlink: x3:unlink: x3;unlink: x3<unlink: x3=unlink: x3>unlink: x3?unlink: x3@unlink: x3Aunlink: x3Bunlink: x3Cunlink: x3Dunlink: x3Eunlink: x3Funlink: x3Gunlink: x3Hunlink: x3Iunlink: x3Junlink: x3Kunlink: x3Lunlink: x3Munlink: x3Nunlink: x3Ounlink: x3Punlink: x3Qunlink: x3Runlink: x3Sunlink: x3Tunlink: x3Uunlink: x3Vunlink: x3Wunlink: x3Xunlink: x3Yunlink: x3Zunlink: x3[unlink: x3\unlink: x3]unlink: x3^unlink: x3_unlink: x3`unlink: x3aunlink: x3bunlink: x3cunlink: x3dunlink: x3eunlink: x3funlink: x3gunlink: x3hunlink: x3iunlink: x3junlink: x3kunlink: x3lunlink: x3munlink: x3nunlink: x3ounlink: x40unlink: x41unlink: x42unlink: x43unlink: x44unlink: x45unlink: x46unlink: x47unlink: x48unlink: x49unlink: x4:unlink: x4;unlink: x4<unlink: x4=unlink: x4>unlink: x4?unlink: x4@unlink: x4Aunlink: x4Bunlink: x4Cunlink: x4Dunlink: x4Eunlink: x4Funlink: x4Gunlink: x4Hunlink: x4Iunlink: x4Junlink: x4Kunlink: x4Lunlink: x4Munlink: x4Nunlink: x4Ounlink: x4Punlink: x4Qunlink: x4Runlink: x4Sunlink: x4Tunlink: x4Uunlink: x4Vunlink: x4Wunlink: x4Xunlink: x4Yunlink: x4Zunlink: x4[unlink: x4\unlink: x4]unlink: x4^unlink: x4_unlink: x4`unlink: x4aunlink: x4bunlink: x4cunlink: x4dunlink: x4eunlink: x4funlink: x4gunlink: x4hunlink: x4iunlink: x4junlink: x4kunlink: x4lunlink: x4munlink: x4nunlink: x4ounlink: x50unlink: x51unlink: x52unlink: x53unlink: x54unlink: x55unlink: x56unlink: x57unlink: x58unlink: x59unlink: x5:unlink: x5;unlink: x5<unlink: x5=unlink: x5>unlink: x5?unlink: x5@unlink: x5Aunlink: x5Bunlink: x5Cunlink: x5Dunlink: x5Eunlink: x5Funlink: x5Gunlink: x5Hunlink: x5Iunlink: x5Junlink: x5Kunlink: x5Lunlink: x5Munlink: x5Nunlink: x5Ounlink: x5Punlink: x5Qunlink: x5Runlink: x5Sunlink: x5Tunlink: x5Uunlink: x5Vunlink: x5Wunlink: x5Xunlink: x5Yunlink: x5Zunlink: x5[unlink: x5\unlink: x5]unlink: x5^unlink: x5_unlink: x5`unlink: x5aunlink: x5bunlink: x5cunlink: x5dunlink: x5eunlink: x5funlink: x5gunlink: x5hunlink: x5iunlink: x5junlink: x5kunlink: x5lunlink: x5munlink: x5nunlink: x5ounlink: x60unlink: x61unlink: x62unlink: x63unlink: x64unlink: x65unlink: x66unlink: x67unlink: x68unlink: x69unlink: x6:unlink: x6;unlink: x6<unlink: x6=unlink: x6>unlink: x6?unlink: x6@unlink: x6Aunlink: x6Bunlink: x6Cunlink: x6Dunlink: x6Eunlink: x6Funlink: x6Gunlink: x6Hunlink: x6Iunlink: x6Junlink: x6Kunlink: x6Lunlink: x6Munlink: x6Nunlink: x6Ounlink: x6Punlink: x6Qunlink: x6Runlink: x6Sunlink: x6Tunlink: x6Uunlink: x6Vunlink: x6Wunlink: x6Xunlink: x6Yunlink: x6Zunlink: x6[unlink: x6\unlink: x6]unlink: x6^unlink: x6_unlink: x6`unlink: x6aunlink: x6bunlink: x6cunlink: x6dunlink: x6eunlink: x6funlink: x6gunlink: x6hunlink: x6iunlink: x6junlink: x6kunlink: x6lunlink: x6munlink: x6nunlink: x6ounlink: x70unlink: x71unlink: x72unlink: x73unlink: x74unlink: x75unlink: x76unlink: x77unlink: x78unlink: x79unlink: x7:unlink: x7;unlink: x7<unlink: x7=unlink: x7>unlink: x7?unlink: x7@unlink: x7Aunlink: x7Bunlink: x7Cunlink: x7Dunlink: x7Eunlink: x7Funlink: x7Gunlink: x7Hunlink: x7Iunlink: x7Junlink: x7Kunlink: x7Lunlink: x7Munlink: x7Nunlink: x7Ounlink: x7Punlink: x7Qunlink: x7Runlink: x7Sunlink: x7Tunlink: x7Uunlink: x7Vunlink: x7Wunlink: x7Xunlink: x7Yunlink: x7Zunlink: x7[unlink: x7\unlink: x7]unlink: x7^unlink: x7_unlink: x7`unlink: x7aunlink: x7bunlink: x7cOK
ALL TESTS PASSED
$ qemu-system-riscv64: terminating on signal 15 from pid 5754 (make)
